<?xml version="1.0" encoding="UTF-8"?>
<!-- Generated by org.testng.reporters.JUnitReportReporter -->
<testsuite hostname="Yura-PC" name="com.gmail.testcases.HomePageTestSuite" tests="1" failures="0" timestamp="3 Mar 2014 13:25:27 GMT" time="11.962" errors="0">
  <testcase name="openHomePage" time="11.962" classname="com.gmail.testcases.HomePageTestSuite"/>
</testsuite> <!-- com.gmail.testcases.HomePageTestSuite -->
