<?xml version="1.0" encoding="UTF-8"?>
<!-- Generated by org.testng.reporters.JUnitReportReporter -->
<testsuite hostname="Yura-PC" name="com.gmail.testcases.LoginPageTestSuite" tests="1" failures="0" timestamp="11 Mar 2014 10:34:53 GMT" time="61.974" errors="0">
  <testcase name="openUserPage" time="61.974" classname="com.gmail.testcases.LoginPageTestSuite"/>
</testsuite> <!-- com.gmail.testcases.LoginPageTestSuite -->
